[0.193s] DEBUG:colcon:Command line arguments: ['/usr/bin/colcon', 'build']
[0.193s] DEBUG:colcon:Parsed command line arguments: Namespace(log_base=None, log_level=None, verb_name='build', build_base='build', install_base='install', merge_install=False, symlink_install=False, test_result_base=None, continue_on_error=False, executor='parallel', parallel_workers=4, event_handlers=None, ignore_user_meta=False, metas=['./colcon.meta'], base_paths=['.'], packages_ignore=None, packages_ignore_regex=None, paths=None, packages_up_to=None, packages_up_to_regex=None, packages_above=None, packages_above_and_dependencies=None, packages_above_depth=None, packages_select_by_dep=None, packages_skip_by_dep=None, packages_skip_up_to=None, packages_select_build_failed=False, packages_skip_build_finished=False, packages_select_test_failures=False, packages_skip_test_passed=False, packages_select=None, packages_skip=None, packages_select_regex=None, packages_skip_regex=None, packages_start=None, packages_end=None, allow_overriding=[], cmake_args=None, cmake_target=None, cmake_target_skip_unavailable=False, cmake_clean_cache=False, cmake_clean_first=False, cmake_force_configure=False, ament_cmake_args=None, catkin_cmake_args=None, catkin_skip_building_tests=False, mixin_files=None, mixin=None, verb_parser=<colcon_mixin.mixin.mixin_argument.MixinArgumentDecorator object at 0x7f7bce564490>, verb_extension=<colcon_core.verb.build.BuildVerb object at 0x7f7bce523e80>, main=<bound method BuildVerb.main of <colcon_core.verb.build.BuildVerb object at 0x7f7bce523e80>>, mixin_verb=('build',))
[0.504s] Level 1:colcon.colcon_core.package_discovery:discover_packages(colcon_meta) check parameters
[0.504s] Level 1:colcon.colcon_core.package_discovery:discover_packages(recursive) check parameters
[0.504s] Level 1:colcon.colcon_core.package_discovery:discover_packages(ignore) check parameters
[0.504s] Level 1:colcon.colcon_core.package_discovery:discover_packages(path) check parameters
[0.504s] Level 1:colcon.colcon_core.package_discovery:discover_packages(colcon_meta) discover
[0.504s] Level 1:colcon.colcon_core.package_discovery:discover_packages(recursive) discover
[0.505s] INFO:colcon.colcon_core.package_discovery:Crawling recursively for packages in '/home/administrator/ros2_workspaces/rplidar_ws'
[0.505s] Level 1:colcon.colcon_core.package_identification:_identify(.) by extensions ['ignore', 'ignore_ament_install']
[0.505s] Level 1:colcon.colcon_core.package_identification:_identify(.) by extension 'ignore'
[0.505s] Level 1:colcon.colcon_core.package_identification:_identify(.) by extension 'ignore_ament_install'
[0.505s] Level 1:colcon.colcon_core.package_identification:_identify(.) by extensions ['colcon_pkg']
[0.505s] Level 1:colcon.colcon_core.package_identification:_identify(.) by extension 'colcon_pkg'
[0.505s] Level 1:colcon.colcon_core.package_identification:_identify(.) by extensions ['colcon_meta']
[0.505s] Level 1:colcon.colcon_core.package_identification:_identify(.) by extension 'colcon_meta'
[0.505s] Level 1:colcon.colcon_core.package_identification:_identify(.) by extensions ['ros']
[0.505s] Level 1:colcon.colcon_core.package_identification:_identify(.) by extension 'ros'
[0.526s] Level 1:colcon.colcon_core.package_identification:_identify(.) by extensions ['cmake', 'python']
[0.526s] Level 1:colcon.colcon_core.package_identification:_identify(.) by extension 'cmake'
[0.526s] Level 1:colcon.colcon_core.package_identification:_identify(.) by extension 'python'
[0.526s] Level 1:colcon.colcon_core.package_identification:_identify(.) by extensions ['python_setup_py']
[0.526s] Level 1:colcon.colcon_core.package_identification:_identify(.) by extension 'python_setup_py'
[0.526s] Level 1:colcon.colcon_core.package_identification:_identify(build) by extensions ['ignore', 'ignore_ament_install']
[0.527s] Level 1:colcon.colcon_core.package_identification:_identify(build) by extension 'ignore'
[0.527s] Level 1:colcon.colcon_core.package_identification:_identify(build) ignored
[0.527s] Level 1:colcon.colcon_core.package_identification:_identify(install) by extensions ['ignore', 'ignore_ament_install']
[0.527s] Level 1:colcon.colcon_core.package_identification:_identify(install) by extension 'ignore'
[0.527s] Level 1:colcon.colcon_core.package_identification:_identify(install) ignored
[0.528s] Level 1:colcon.colcon_core.package_identification:_identify(log) by extensions ['ignore', 'ignore_ament_install']
[0.528s] Level 1:colcon.colcon_core.package_identification:_identify(log) by extension 'ignore'
[0.528s] Level 1:colcon.colcon_core.package_identification:_identify(log) ignored
[0.528s] Level 1:colcon.colcon_core.package_identification:_identify(src) by extensions ['ignore', 'ignore_ament_install']
[0.528s] Level 1:colcon.colcon_core.package_identification:_identify(src) by extension 'ignore'
[0.528s] Level 1:colcon.colcon_core.package_identification:_identify(src) by extension 'ignore_ament_install'
[0.529s] Level 1:colcon.colcon_core.package_identification:_identify(src) by extensions ['colcon_pkg']
[0.529s] Level 1:colcon.colcon_core.package_identification:_identify(src) by extension 'colcon_pkg'
[0.529s] Level 1:colcon.colcon_core.package_identification:_identify(src) by extensions ['colcon_meta']
[0.529s] Level 1:colcon.colcon_core.package_identification:_identify(src) by extension 'colcon_meta'
[0.529s] Level 1:colcon.colcon_core.package_identification:_identify(src) by extensions ['ros']
[0.529s] Level 1:colcon.colcon_core.package_identification:_identify(src) by extension 'ros'
[0.529s] Level 1:colcon.colcon_core.package_identification:_identify(src) by extensions ['cmake', 'python']
[0.529s] Level 1:colcon.colcon_core.package_identification:_identify(src) by extension 'cmake'
[0.530s] Level 1:colcon.colcon_core.package_identification:_identify(src) by extension 'python'
[0.530s] Level 1:colcon.colcon_core.package_identification:_identify(src) by extensions ['python_setup_py']
[0.530s] Level 1:colcon.colcon_core.package_identification:_identify(src) by extension 'python_setup_py'
[0.530s] Level 1:colcon.colcon_core.package_identification:_identify(src/rplidar_ros) by extensions ['ignore', 'ignore_ament_install']
[0.530s] Level 1:colcon.colcon_core.package_identification:_identify(src/rplidar_ros) by extension 'ignore'
[0.530s] Level 1:colcon.colcon_core.package_identification:_identify(src/rplidar_ros) by extension 'ignore_ament_install'
[0.530s] Level 1:colcon.colcon_core.package_identification:_identify(src/rplidar_ros) by extensions ['colcon_pkg']
[0.531s] Level 1:colcon.colcon_core.package_identification:_identify(src/rplidar_ros) by extension 'colcon_pkg'
[0.531s] Level 1:colcon.colcon_core.package_identification:_identify(src/rplidar_ros) by extensions ['colcon_meta']
[0.531s] Level 1:colcon.colcon_core.package_identification:_identify(src/rplidar_ros) by extension 'colcon_meta'
[0.531s] Level 1:colcon.colcon_core.package_identification:_identify(src/rplidar_ros) by extensions ['ros']
[0.531s] Level 1:colcon.colcon_core.package_identification:_identify(src/rplidar_ros) by extension 'ros'
[0.535s] DEBUG:colcon.colcon_core.package_identification:Package 'src/rplidar_ros' with type 'ros.ament_cmake' and name 'rplidar_ros'
[0.536s] Level 1:colcon.colcon_core.package_discovery:discover_packages(recursive) using defaults
[0.536s] Level 1:colcon.colcon_core.package_discovery:discover_packages(ignore) discover
[0.536s] Level 1:colcon.colcon_core.package_discovery:discover_packages(ignore) using defaults
[0.536s] Level 1:colcon.colcon_core.package_discovery:discover_packages(path) discover
[0.536s] Level 1:colcon.colcon_core.package_discovery:discover_packages(path) using defaults
[0.589s] Level 1:colcon.colcon_core.package_discovery:discover_packages(prefix_path) check parameters
[0.589s] Level 1:colcon.colcon_core.package_discovery:discover_packages(prefix_path) discover
[0.591s] DEBUG:colcon.colcon_installed_package_information.package_discovery:Found 1 installed packages in /home/administrator/ros2_workspaces/rplidar_ws/install
[0.592s] DEBUG:colcon.colcon_installed_package_information.package_discovery:Found 1 installed packages in /home/administrator/ros2_workspaces/nav_ws/install
[0.595s] DEBUG:colcon.colcon_installed_package_information.package_discovery:Found 415 installed packages in /opt/ros/humble
[0.599s] Level 1:colcon.colcon_core.package_discovery:discover_packages(prefix_path) using defaults
[0.691s] Level 5:colcon.colcon_core.verb:set package 'rplidar_ros' build argument 'cmake_args' from command line to 'None'
[0.691s] Level 5:colcon.colcon_core.verb:set package 'rplidar_ros' build argument 'cmake_target' from command line to 'None'
[0.691s] Level 5:colcon.colcon_core.verb:set package 'rplidar_ros' build argument 'cmake_target_skip_unavailable' from command line to 'False'
[0.691s] Level 5:colcon.colcon_core.verb:set package 'rplidar_ros' build argument 'cmake_clean_cache' from command line to 'False'
[0.691s] Level 5:colcon.colcon_core.verb:set package 'rplidar_ros' build argument 'cmake_clean_first' from command line to 'False'
[0.691s] Level 5:colcon.colcon_core.verb:set package 'rplidar_ros' build argument 'cmake_force_configure' from command line to 'False'
[0.691s] Level 5:colcon.colcon_core.verb:set package 'rplidar_ros' build argument 'ament_cmake_args' from command line to 'None'
[0.691s] Level 5:colcon.colcon_core.verb:set package 'rplidar_ros' build argument 'catkin_cmake_args' from command line to 'None'
[0.692s] Level 5:colcon.colcon_core.verb:set package 'rplidar_ros' build argument 'catkin_skip_building_tests' from command line to 'False'
[0.692s] DEBUG:colcon.colcon_core.verb:Building package 'rplidar_ros' with the following arguments: {'ament_cmake_args': None, 'build_base': '/home/administrator/ros2_workspaces/rplidar_ws/build/rplidar_ros', 'catkin_cmake_args': None, 'catkin_skip_building_tests': False, 'cmake_args': None, 'cmake_clean_cache': False, 'cmake_clean_first': False, 'cmake_force_configure': False, 'cmake_target': None, 'cmake_target_skip_unavailable': False, 'install_base': '/home/administrator/ros2_workspaces/rplidar_ws/install/rplidar_ros', 'merge_install': False, 'path': '/home/administrator/ros2_workspaces/rplidar_ws/src/rplidar_ros', 'symlink_install': False, 'test_result_base': None}
[0.692s] INFO:colcon.colcon_core.executor:Executing jobs using 'parallel' executor
[0.693s] DEBUG:colcon.colcon_parallel_executor.executor.parallel:run_until_complete
[0.694s] INFO:colcon.colcon_ros.task.ament_cmake.build:Building ROS package in '/home/administrator/ros2_workspaces/rplidar_ws/src/rplidar_ros' with build type 'ament_cmake'
[0.694s] INFO:colcon.colcon_cmake.task.cmake.build:Building CMake package in '/home/administrator/ros2_workspaces/rplidar_ws/src/rplidar_ros'
[0.698s] INFO:colcon.colcon_core.plugin_system:Skipping extension 'colcon_core.shell.bat': Not used on non-Windows systems
[0.698s] INFO:colcon.colcon_core.shell:Skip shell extension 'powershell' for command environment: Not usable outside of PowerShell
[0.698s] DEBUG:colcon.colcon_core.shell:Skip shell extension 'dsv' for command environment
[0.714s] DEBUG:colcon.colcon_core.event_handler.log_command:Invoking command in '/home/administrator/ros2_workspaces/rplidar_ws/build/rplidar_ros': CMAKE_PREFIX_PATH=${CMAKE_PREFIX_PATH}:/opt/ros/humble /usr/bin/cmake --build /home/administrator/ros2_workspaces/rplidar_ws/build/rplidar_ros -- -j4 -l4
[11.587s] DEBUG:colcon.colcon_core.event_handler.log_command:Invoked command in '/home/administrator/ros2_workspaces/rplidar_ws/build/rplidar_ros' returned '0': CMAKE_PREFIX_PATH=${CMAKE_PREFIX_PATH}:/opt/ros/humble /usr/bin/cmake --build /home/administrator/ros2_workspaces/rplidar_ws/build/rplidar_ros -- -j4 -l4
[11.599s] DEBUG:colcon.colcon_core.event_handler.log_command:Invoking command in '/home/administrator/ros2_workspaces/rplidar_ws/build/rplidar_ros': CMAKE_PREFIX_PATH=${CMAKE_PREFIX_PATH}:/opt/ros/humble /usr/bin/cmake --install /home/administrator/ros2_workspaces/rplidar_ws/build/rplidar_ros
[11.632s] Level 1:colcon.colcon_core.environment:create_environment_scripts_only(rplidar_ros)
[11.633s] DEBUG:colcon.colcon_core.event_handler.log_command:Invoked command in '/home/administrator/ros2_workspaces/rplidar_ws/build/rplidar_ros' returned '0': CMAKE_PREFIX_PATH=${CMAKE_PREFIX_PATH}:/opt/ros/humble /usr/bin/cmake --install /home/administrator/ros2_workspaces/rplidar_ws/build/rplidar_ros
[11.636s] Level 1:colcon.colcon_core.environment:checking '/home/administrator/ros2_workspaces/rplidar_ws/install/rplidar_ros' for CMake module files
[11.638s] Level 1:colcon.colcon_core.environment:checking '/home/administrator/ros2_workspaces/rplidar_ws/install/rplidar_ros' for CMake config files
[11.638s] Level 1:colcon.colcon_core.shell:create_environment_hook('rplidar_ros', 'cmake_prefix_path')
[11.638s] INFO:colcon.colcon_core.shell:Creating environment hook '/home/administrator/ros2_workspaces/rplidar_ws/install/rplidar_ros/share/rplidar_ros/hook/cmake_prefix_path.ps1'
[11.641s] INFO:colcon.colcon_core.shell:Creating environment descriptor '/home/administrator/ros2_workspaces/rplidar_ws/install/rplidar_ros/share/rplidar_ros/hook/cmake_prefix_path.dsv'
[11.641s] INFO:colcon.colcon_core.shell:Creating environment hook '/home/administrator/ros2_workspaces/rplidar_ws/install/rplidar_ros/share/rplidar_ros/hook/cmake_prefix_path.sh'
[11.643s] Level 1:colcon.colcon_core.environment:checking '/home/administrator/ros2_workspaces/rplidar_ws/install/rplidar_ros/lib'
[11.643s] Level 1:colcon.colcon_core.environment:checking '/home/administrator/ros2_workspaces/rplidar_ws/install/rplidar_ros/bin'
[11.643s] Level 1:colcon.colcon_core.environment:checking '/home/administrator/ros2_workspaces/rplidar_ws/install/rplidar_ros/lib/pkgconfig/rplidar_ros.pc'
[11.643s] Level 1:colcon.colcon_core.environment:checking '/home/administrator/ros2_workspaces/rplidar_ws/install/rplidar_ros/lib/python3.10/site-packages'
[11.644s] Level 1:colcon.colcon_core.environment:checking '/home/administrator/ros2_workspaces/rplidar_ws/install/rplidar_ros/bin'
[11.645s] INFO:colcon.colcon_core.shell:Creating package script '/home/administrator/ros2_workspaces/rplidar_ws/install/rplidar_ros/share/rplidar_ros/package.ps1'
[11.646s] INFO:colcon.colcon_core.shell:Creating package descriptor '/home/administrator/ros2_workspaces/rplidar_ws/install/rplidar_ros/share/rplidar_ros/package.dsv'
[11.647s] INFO:colcon.colcon_core.shell:Creating package script '/home/administrator/ros2_workspaces/rplidar_ws/install/rplidar_ros/share/rplidar_ros/package.sh'
[11.648s] INFO:colcon.colcon_core.shell:Creating package script '/home/administrator/ros2_workspaces/rplidar_ws/install/rplidar_ros/share/rplidar_ros/package.bash'
[11.649s] INFO:colcon.colcon_core.shell:Creating package script '/home/administrator/ros2_workspaces/rplidar_ws/install/rplidar_ros/share/rplidar_ros/package.zsh'
[11.650s] Level 1:colcon.colcon_core.environment:create_file_with_runtime_dependencies(/home/administrator/ros2_workspaces/rplidar_ws/install/rplidar_ros/share/colcon-core/packages/rplidar_ros)
[11.651s] Level 1:colcon.colcon_core.environment:create_environment_scripts_only(rplidar_ros)
[11.652s] Level 1:colcon.colcon_core.environment:checking '/home/administrator/ros2_workspaces/rplidar_ws/install/rplidar_ros' for CMake module files
[11.653s] Level 1:colcon.colcon_core.environment:checking '/home/administrator/ros2_workspaces/rplidar_ws/install/rplidar_ros' for CMake config files
[11.653s] Level 1:colcon.colcon_core.shell:create_environment_hook('rplidar_ros', 'cmake_prefix_path')
[11.653s] INFO:colcon.colcon_core.shell:Creating environment hook '/home/administrator/ros2_workspaces/rplidar_ws/install/rplidar_ros/share/rplidar_ros/hook/cmake_prefix_path.ps1'
[11.654s] INFO:colcon.colcon_core.shell:Creating environment descriptor '/home/administrator/ros2_workspaces/rplidar_ws/install/rplidar_ros/share/rplidar_ros/hook/cmake_prefix_path.dsv'
[11.655s] INFO:colcon.colcon_core.shell:Creating environment hook '/home/administrator/ros2_workspaces/rplidar_ws/install/rplidar_ros/share/rplidar_ros/hook/cmake_prefix_path.sh'
[11.656s] Level 1:colcon.colcon_core.environment:checking '/home/administrator/ros2_workspaces/rplidar_ws/install/rplidar_ros/lib'
[11.657s] Level 1:colcon.colcon_core.environment:checking '/home/administrator/ros2_workspaces/rplidar_ws/install/rplidar_ros/bin'
[11.657s] Level 1:colcon.colcon_core.environment:checking '/home/administrator/ros2_workspaces/rplidar_ws/install/rplidar_ros/lib/pkgconfig/rplidar_ros.pc'
[11.657s] Level 1:colcon.colcon_core.environment:checking '/home/administrator/ros2_workspaces/rplidar_ws/install/rplidar_ros/lib/python3.10/site-packages'
[11.658s] Level 1:colcon.colcon_core.environment:checking '/home/administrator/ros2_workspaces/rplidar_ws/install/rplidar_ros/bin'
[11.659s] INFO:colcon.colcon_core.shell:Creating package script '/home/administrator/ros2_workspaces/rplidar_ws/install/rplidar_ros/share/rplidar_ros/package.ps1'
[11.660s] INFO:colcon.colcon_core.shell:Creating package descriptor '/home/administrator/ros2_workspaces/rplidar_ws/install/rplidar_ros/share/rplidar_ros/package.dsv'
[11.661s] INFO:colcon.colcon_core.shell:Creating package script '/home/administrator/ros2_workspaces/rplidar_ws/install/rplidar_ros/share/rplidar_ros/package.sh'
[11.662s] INFO:colcon.colcon_core.shell:Creating package script '/home/administrator/ros2_workspaces/rplidar_ws/install/rplidar_ros/share/rplidar_ros/package.bash'
[11.663s] INFO:colcon.colcon_core.shell:Creating package script '/home/administrator/ros2_workspaces/rplidar_ws/install/rplidar_ros/share/rplidar_ros/package.zsh'
[11.664s] Level 1:colcon.colcon_core.environment:create_file_with_runtime_dependencies(/home/administrator/ros2_workspaces/rplidar_ws/install/rplidar_ros/share/colcon-core/packages/rplidar_ros)
[11.665s] DEBUG:colcon.colcon_parallel_executor.executor.parallel:closing loop
[11.666s] DEBUG:colcon.colcon_parallel_executor.executor.parallel:loop closed
[11.666s] DEBUG:colcon.colcon_parallel_executor.executor.parallel:run_until_complete finished with '0'
[11.666s] DEBUG:colcon.colcon_core.event_reactor:joining thread
[11.675s] INFO:colcon.colcon_core.plugin_system:Skipping extension 'colcon_notification.desktop_notification.notify_send': Could not find 'notify-send'
[11.675s] INFO:colcon.colcon_core.plugin_system:Skipping extension 'colcon_notification.desktop_notification.terminal_notifier': Not used on non-Darwin systems
[11.675s] INFO:colcon.colcon_core.plugin_system:Skipping extension 'colcon_notification.desktop_notification.win32': Not used on non-Windows systems
[11.675s] INFO:colcon.colcon_notification.desktop_notification:Sending desktop notification using 'notify2'
[11.676s] DEBUG:colcon.colcon_notification.desktop_notification.notify2:Failed to initialize notify2: org.freedesktop.DBus.Error.ServiceUnknown: The name org.freedesktop.Notifications was not provided by any .service files
[11.677s] DEBUG:colcon.colcon_core.event_reactor:joined thread
[11.677s] INFO:colcon.colcon_core.shell:Creating prefix script '/home/administrator/ros2_workspaces/rplidar_ws/install/local_setup.ps1'
[11.679s] INFO:colcon.colcon_core.shell:Creating prefix util module '/home/administrator/ros2_workspaces/rplidar_ws/install/_local_setup_util_ps1.py'
[11.682s] INFO:colcon.colcon_core.shell:Creating prefix chain script '/home/administrator/ros2_workspaces/rplidar_ws/install/setup.ps1'
[11.685s] INFO:colcon.colcon_core.shell:Creating prefix script '/home/administrator/ros2_workspaces/rplidar_ws/install/local_setup.sh'
[11.686s] INFO:colcon.colcon_core.shell:Creating prefix util module '/home/administrator/ros2_workspaces/rplidar_ws/install/_local_setup_util_sh.py'
[11.687s] INFO:colcon.colcon_core.shell:Creating prefix chain script '/home/administrator/ros2_workspaces/rplidar_ws/install/setup.sh'
[11.689s] INFO:colcon.colcon_core.shell:Creating prefix script '/home/administrator/ros2_workspaces/rplidar_ws/install/local_setup.bash'
[11.690s] INFO:colcon.colcon_core.shell:Creating prefix chain script '/home/administrator/ros2_workspaces/rplidar_ws/install/setup.bash'
[11.692s] INFO:colcon.colcon_core.shell:Creating prefix script '/home/administrator/ros2_workspaces/rplidar_ws/install/local_setup.zsh'
[11.693s] INFO:colcon.colcon_core.shell:Creating prefix chain script '/home/administrator/ros2_workspaces/rplidar_ws/install/setup.zsh'
