[0.019s] Invoking command in '/home/administrator/ros2_workspaces/nav_ws/build/nav': CMAKE_PREFIX_PATH=${CMAKE_PREFIX_PATH}:/opt/ros/humble /usr/bin/cmake --build /home/administrator/ros2_workspaces/nav_ws/build/nav -- -j4 -l4
[0.098s] [100%] Built target tf_remapper
[0.114s] Invoked command in '/home/administrator/ros2_workspaces/nav_ws/build/nav' returned '0': CMAKE_PREFIX_PATH=${CMAKE_PREFIX_PATH}:/opt/ros/humble /usr/bin/cmake --build /home/administrator/ros2_workspaces/nav_ws/build/nav -- -j4 -l4
[0.129s] Invoking command in '/home/administrator/ros2_workspaces/nav_ws/build/nav': CMAKE_PREFIX_PATH=${CMAKE_PREFIX_PATH}:/opt/ros/humble /usr/bin/cmake --install /home/administrator/ros2_workspaces/nav_ws/build/nav
[0.138s] -- Install configuration: ""
[0.139s] -- Execute custom install script
[0.139s] -- Up-to-date symlink: /home/administrator/ros2_workspaces/nav_ws/install/nav/share/nav/config/mapper_params_online_async.yaml
[0.140s] -- Up-to-date symlink: /home/administrator/ros2_workspaces/nav_ws/install/nav/share/nav/launch/online_async_launch.py
[0.140s] -- Up-to-date symlink: /home/administrator/ros2_workspaces/nav_ws/install/nav/share/nav/launch/transform_remap.launch.py
[0.140s] -- Up-to-date symlink: /home/administrator/ros2_workspaces/nav_ws/install/nav/share/nav/src/tf_remapper.cpp
[0.141s] -- Up-to-date symlink: /home/administrator/ros2_workspaces/nav_ws/install/nav/lib/nav/tf_remapper
[0.141s] -- Up-to-date symlink: /home/administrator/ros2_workspaces/nav_ws/install/nav/share/ament_index/resource_index/package_run_dependencies/nav
[0.142s] -- Up-to-date symlink: /home/administrator/ros2_workspaces/nav_ws/install/nav/share/ament_index/resource_index/parent_prefix_path/nav
[0.143s] -- Up-to-date symlink: /home/administrator/ros2_workspaces/nav_ws/install/nav/share/nav/environment/ament_prefix_path.sh
[0.143s] -- Up-to-date symlink: /home/administrator/ros2_workspaces/nav_ws/install/nav/share/nav/environment/ament_prefix_path.dsv
[0.143s] -- Up-to-date symlink: /home/administrator/ros2_workspaces/nav_ws/install/nav/share/nav/environment/path.sh
[0.143s] -- Up-to-date symlink: /home/administrator/ros2_workspaces/nav_ws/install/nav/share/nav/environment/path.dsv
[0.144s] -- Up-to-date symlink: /home/administrator/ros2_workspaces/nav_ws/install/nav/share/nav/local_setup.bash
[0.144s] -- Up-to-date symlink: /home/administrator/ros2_workspaces/nav_ws/install/nav/share/nav/local_setup.sh
[0.147s] -- Up-to-date symlink: /home/administrator/ros2_workspaces/nav_ws/install/nav/share/nav/local_setup.zsh
[0.147s] -- Up-to-date symlink: /home/administrator/ros2_workspaces/nav_ws/install/nav/share/nav/local_setup.dsv
[0.147s] -- Symlinking: /home/administrator/ros2_workspaces/nav_ws/install/nav/share/nav/package.dsv
[0.157s] -- Up-to-date symlink: /home/administrator/ros2_workspaces/nav_ws/install/nav/share/ament_index/resource_index/packages/nav
[0.158s] -- Up-to-date symlink: /home/administrator/ros2_workspaces/nav_ws/install/nav/share/nav/cmake/navConfig.cmake
[0.158s] -- Up-to-date symlink: /home/administrator/ros2_workspaces/nav_ws/install/nav/share/nav/cmake/navConfig-version.cmake
[0.158s] -- Up-to-date symlink: /home/administrator/ros2_workspaces/nav_ws/install/nav/share/nav/package.xml
[0.160s] Invoked command in '/home/administrator/ros2_workspaces/nav_ws/build/nav' returned '0': CMAKE_PREFIX_PATH=${CMAKE_PREFIX_PATH}:/opt/ros/humble /usr/bin/cmake --install /home/administrator/ros2_workspaces/nav_ws/build/nav
