[0.015s] Invoking command in '/home/administrator/ros2_workspaces/nav_ws/build/nav': CMAKE_PREFIX_PATH=/opt/ros/humble /usr/bin/cmake /home/administrator/ros2_workspaces/nav_ws/src/nav -DAMENT_CMAKE_SYMLINK_INSTALL=1 -DCMAKE_INSTALL_PREFIX=/home/administrator/ros2_workspaces/nav_ws/install/nav
[0.028s] -- Found ament_cmake: 1.3.12 (/opt/ros/humble/share/ament_cmake/cmake)
[0.205s] -- Override CMake install command with custom implementation using symlinks instead of copying resources
[0.217s] -- Found rclcpp: 16.0.15 (/opt/ros/humble/share/rclcpp/cmake)
[0.256s] -- Found rosidl_generator_c: 3.1.7 (/opt/ros/humble/share/rosidl_generator_c/cmake)
[0.260s] -- Found rosidl_adapter: 3.1.7 (/opt/ros/humble/share/rosidl_adapter/cmake)
[0.269s] -- Found rosidl_generator_cpp: 3.1.7 (/opt/ros/humble/share/rosidl_generator_cpp/cmake)
[0.284s] -- Using all available rosidl_typesupport_c: rosidl_typesupport_fastrtps_c;rosidl_typesupport_introspection_c
[0.303s] -- Using all available rosidl_typesupport_cpp: rosidl_typesupport_fastrtps_cpp;rosidl_typesupport_introspection_cpp
[0.351s] -- Found rmw_implementation_cmake: 6.1.2 (/opt/ros/humble/share/rmw_implementation_cmake/cmake)
[0.354s] -- Found rmw_fastrtps_cpp: 6.2.9 (/opt/ros/humble/share/rmw_fastrtps_cpp/cmake)
[0.482s] -- Using RMW implementation 'rmw_fastrtps_cpp' as default
[0.555s] -- Found tf2_msgs: 0.25.16 (/opt/ros/humble/share/tf2_msgs/cmake)
[0.638s] -- Found ament_lint_auto: 0.12.14 (/opt/ros/humble/share/ament_lint_auto/cmake)
[0.755s] -- Added test 'cppcheck' to perform static code analysis on C / C++ code
[0.756s] -- Configured cppcheck include dirs: 
[0.756s] -- Configured cppcheck exclude dirs and/or files: 
[0.757s] -- Added test 'lint_cmake' to check CMake code style
[0.758s] -- Added test 'uncrustify' to check C / C++ code style
[0.758s] -- Configured uncrustify additional arguments: 
[0.759s] -- Added test 'xmllint' to check XML markup files
[0.761s] -- Configuring done
[0.778s] -- Generating done
[0.784s] -- Build files have been written to: /home/administrator/ros2_workspaces/nav_ws/build/nav
[0.793s] Invoked command in '/home/administrator/ros2_workspaces/nav_ws/build/nav' returned '0': CMAKE_PREFIX_PATH=/opt/ros/humble /usr/bin/cmake /home/administrator/ros2_workspaces/nav_ws/src/nav -DAMENT_CMAKE_SYMLINK_INSTALL=1 -DCMAKE_INSTALL_PREFIX=/home/administrator/ros2_workspaces/nav_ws/install/nav
[0.795s] Invoking command in '/home/administrator/ros2_workspaces/nav_ws/build/nav': CMAKE_PREFIX_PATH=/opt/ros/humble /usr/bin/cmake --build /home/administrator/ros2_workspaces/nav_ws/build/nav -- -j4 -l4
[0.853s] [ 50%] [32mBuilding CXX object CMakeFiles/tf_remapper.dir/src/tf_remapper.cpp.o[0m
[13.549s] [100%] [32m[1mLinking CXX executable tf_remapper[0m
[14.246s] [100%] Built target tf_remapper
[14.260s] Invoked command in '/home/administrator/ros2_workspaces/nav_ws/build/nav' returned '0': CMAKE_PREFIX_PATH=/opt/ros/humble /usr/bin/cmake --build /home/administrator/ros2_workspaces/nav_ws/build/nav -- -j4 -l4
[14.272s] Invoking command in '/home/administrator/ros2_workspaces/nav_ws/build/nav': CMAKE_PREFIX_PATH=/opt/ros/humble /usr/bin/cmake --install /home/administrator/ros2_workspaces/nav_ws/build/nav
[14.281s] -- Install configuration: ""
[14.281s] -- Execute custom install script
[14.282s] -- Symlinking: /home/administrator/ros2_workspaces/nav_ws/install/nav/share/nav/src/tf_remapper.cpp
[14.293s] -- Symlinking: /home/administrator/ros2_workspaces/nav_ws/install/nav/lib/nav/tf_remapper
[14.304s] -- Symlinking: /home/administrator/ros2_workspaces/nav_ws/install/nav/share/ament_index/resource_index/package_run_dependencies/nav
[14.314s] -- Symlinking: /home/administrator/ros2_workspaces/nav_ws/install/nav/share/ament_index/resource_index/parent_prefix_path/nav
[14.323s] -- Symlinking: /home/administrator/ros2_workspaces/nav_ws/install/nav/share/nav/environment/ament_prefix_path.sh
[14.333s] -- Symlinking: /home/administrator/ros2_workspaces/nav_ws/install/nav/share/nav/environment/ament_prefix_path.dsv
[14.343s] -- Symlinking: /home/administrator/ros2_workspaces/nav_ws/install/nav/share/nav/environment/path.sh
[14.352s] -- Symlinking: /home/administrator/ros2_workspaces/nav_ws/install/nav/share/nav/environment/path.dsv
[14.363s] -- Symlinking: /home/administrator/ros2_workspaces/nav_ws/install/nav/share/nav/local_setup.bash
[14.374s] -- Symlinking: /home/administrator/ros2_workspaces/nav_ws/install/nav/share/nav/local_setup.sh
[14.384s] -- Symlinking: /home/administrator/ros2_workspaces/nav_ws/install/nav/share/nav/local_setup.zsh
[14.393s] -- Symlinking: /home/administrator/ros2_workspaces/nav_ws/install/nav/share/nav/local_setup.dsv
[14.403s] -- Symlinking: /home/administrator/ros2_workspaces/nav_ws/install/nav/share/nav/package.dsv
[14.413s] -- Symlinking: /home/administrator/ros2_workspaces/nav_ws/install/nav/share/ament_index/resource_index/packages/nav
[14.423s] -- Symlinking: /home/administrator/ros2_workspaces/nav_ws/install/nav/share/nav/cmake/navConfig.cmake
[14.432s] -- Symlinking: /home/administrator/ros2_workspaces/nav_ws/install/nav/share/nav/cmake/navConfig-version.cmake
[14.442s] -- Symlinking: /home/administrator/ros2_workspaces/nav_ws/install/nav/share/nav/package.xml
[14.453s] Invoked command in '/home/administrator/ros2_workspaces/nav_ws/build/nav' returned '0': CMAKE_PREFIX_PATH=/opt/ros/humble /usr/bin/cmake --install /home/administrator/ros2_workspaces/nav_ws/build/nav
