[0.190s] DEBUG:colcon:Command line arguments: ['/usr/bin/colcon', 'build']
[0.190s] DEBUG:colcon:Parsed command line arguments: Namespace(log_base=None, log_level=None, verb_name='build', build_base='build', install_base='install', merge_install=False, symlink_install=False, test_result_base=None, continue_on_error=False, executor='parallel', parallel_workers=4, event_handlers=None, ignore_user_meta=False, metas=['./colcon.meta'], base_paths=['.'], packages_ignore=None, packages_ignore_regex=None, paths=None, packages_up_to=None, packages_up_to_regex=None, packages_above=None, packages_above_and_dependencies=None, packages_above_depth=None, packages_select_by_dep=None, packages_skip_by_dep=None, packages_skip_up_to=None, packages_select_build_failed=False, packages_skip_build_finished=False, packages_select_test_failures=False, packages_skip_test_passed=False, packages_select=None, packages_skip=None, packages_select_regex=None, packages_skip_regex=None, packages_start=None, packages_end=None, allow_overriding=[], cmake_args=None, cmake_target=None, cmake_target_skip_unavailable=False, cmake_clean_cache=False, cmake_clean_first=False, cmake_force_configure=False, ament_cmake_args=None, catkin_cmake_args=None, catkin_skip_building_tests=False, mixin_files=None, mixin=None, verb_parser=<colcon_mixin.mixin.mixin_argument.MixinArgumentDecorator object at 0x7fa41acd8490>, verb_extension=<colcon_core.verb.build.BuildVerb object at 0x7fa41ac97e80>, main=<bound method BuildVerb.main of <colcon_core.verb.build.BuildVerb object at 0x7fa41ac97e80>>, mixin_verb=('build',))
[0.501s] Level 1:colcon.colcon_core.package_discovery:discover_packages(colcon_meta) check parameters
[0.502s] Level 1:colcon.colcon_core.package_discovery:discover_packages(recursive) check parameters
[0.502s] Level 1:colcon.colcon_core.package_discovery:discover_packages(ignore) check parameters
[0.502s] Level 1:colcon.colcon_core.package_discovery:discover_packages(path) check parameters
[0.502s] Level 1:colcon.colcon_core.package_discovery:discover_packages(colcon_meta) discover
[0.502s] Level 1:colcon.colcon_core.package_discovery:discover_packages(recursive) discover
[0.502s] INFO:colcon.colcon_core.package_discovery:Crawling recursively for packages in '/home/administrator/ros2_workspaces/rplidar_ws'
[0.502s] Level 1:colcon.colcon_core.package_identification:_identify(.) by extensions ['ignore', 'ignore_ament_install']
[0.503s] Level 1:colcon.colcon_core.package_identification:_identify(.) by extension 'ignore'
[0.503s] Level 1:colcon.colcon_core.package_identification:_identify(.) by extension 'ignore_ament_install'
[0.503s] Level 1:colcon.colcon_core.package_identification:_identify(.) by extensions ['colcon_pkg']
[0.503s] Level 1:colcon.colcon_core.package_identification:_identify(.) by extension 'colcon_pkg'
[0.503s] Level 1:colcon.colcon_core.package_identification:_identify(.) by extensions ['colcon_meta']
[0.503s] Level 1:colcon.colcon_core.package_identification:_identify(.) by extension 'colcon_meta'
[0.503s] Level 1:colcon.colcon_core.package_identification:_identify(.) by extensions ['ros']
[0.503s] Level 1:colcon.colcon_core.package_identification:_identify(.) by extension 'ros'
[0.523s] Level 1:colcon.colcon_core.package_identification:_identify(.) by extensions ['cmake', 'python']
[0.523s] Level 1:colcon.colcon_core.package_identification:_identify(.) by extension 'cmake'
[0.523s] Level 1:colcon.colcon_core.package_identification:_identify(.) by extension 'python'
[0.524s] Level 1:colcon.colcon_core.package_identification:_identify(.) by extensions ['python_setup_py']
[0.524s] Level 1:colcon.colcon_core.package_identification:_identify(.) by extension 'python_setup_py'
[0.524s] Level 1:colcon.colcon_core.package_identification:_identify(build) by extensions ['ignore', 'ignore_ament_install']
[0.524s] Level 1:colcon.colcon_core.package_identification:_identify(build) by extension 'ignore'
[0.524s] Level 1:colcon.colcon_core.package_identification:_identify(build) ignored
[0.525s] Level 1:colcon.colcon_core.package_identification:_identify(install) by extensions ['ignore', 'ignore_ament_install']
[0.525s] Level 1:colcon.colcon_core.package_identification:_identify(install) by extension 'ignore'
[0.525s] Level 1:colcon.colcon_core.package_identification:_identify(install) ignored
[0.525s] Level 1:colcon.colcon_core.package_identification:_identify(log) by extensions ['ignore', 'ignore_ament_install']
[0.525s] Level 1:colcon.colcon_core.package_identification:_identify(log) by extension 'ignore'
[0.525s] Level 1:colcon.colcon_core.package_identification:_identify(log) ignored
[0.525s] Level 1:colcon.colcon_core.package_identification:_identify(src) by extensions ['ignore', 'ignore_ament_install']
[0.526s] Level 1:colcon.colcon_core.package_identification:_identify(src) by extension 'ignore'
[0.526s] Level 1:colcon.colcon_core.package_identification:_identify(src) by extension 'ignore_ament_install'
[0.526s] Level 1:colcon.colcon_core.package_identification:_identify(src) by extensions ['colcon_pkg']
[0.526s] Level 1:colcon.colcon_core.package_identification:_identify(src) by extension 'colcon_pkg'
[0.526s] Level 1:colcon.colcon_core.package_identification:_identify(src) by extensions ['colcon_meta']
[0.526s] Level 1:colcon.colcon_core.package_identification:_identify(src) by extension 'colcon_meta'
[0.526s] Level 1:colcon.colcon_core.package_identification:_identify(src) by extensions ['ros']
[0.526s] Level 1:colcon.colcon_core.package_identification:_identify(src) by extension 'ros'
[0.526s] Level 1:colcon.colcon_core.package_identification:_identify(src) by extensions ['cmake', 'python']
[0.527s] Level 1:colcon.colcon_core.package_identification:_identify(src) by extension 'cmake'
[0.527s] Level 1:colcon.colcon_core.package_identification:_identify(src) by extension 'python'
[0.527s] Level 1:colcon.colcon_core.package_identification:_identify(src) by extensions ['python_setup_py']
[0.527s] Level 1:colcon.colcon_core.package_identification:_identify(src) by extension 'python_setup_py'
[0.527s] Level 1:colcon.colcon_core.package_identification:_identify(src/rplidar_ros) by extensions ['ignore', 'ignore_ament_install']
[0.527s] Level 1:colcon.colcon_core.package_identification:_identify(src/rplidar_ros) by extension 'ignore'
[0.527s] Level 1:colcon.colcon_core.package_identification:_identify(src/rplidar_ros) by extension 'ignore_ament_install'
[0.527s] Level 1:colcon.colcon_core.package_identification:_identify(src/rplidar_ros) by extensions ['colcon_pkg']
[0.527s] Level 1:colcon.colcon_core.package_identification:_identify(src/rplidar_ros) by extension 'colcon_pkg'
[0.527s] Level 1:colcon.colcon_core.package_identification:_identify(src/rplidar_ros) by extensions ['colcon_meta']
[0.528s] Level 1:colcon.colcon_core.package_identification:_identify(src/rplidar_ros) by extension 'colcon_meta'
[0.528s] Level 1:colcon.colcon_core.package_identification:_identify(src/rplidar_ros) by extensions ['ros']
[0.528s] Level 1:colcon.colcon_core.package_identification:_identify(src/rplidar_ros) by extension 'ros'
[0.532s] DEBUG:colcon.colcon_core.package_identification:Package 'src/rplidar_ros' with type 'ros.ament_cmake' and name 'rplidar_ros'
[0.532s] Level 1:colcon.colcon_core.package_discovery:discover_packages(recursive) using defaults
[0.533s] Level 1:colcon.colcon_core.package_discovery:discover_packages(ignore) discover
[0.533s] Level 1:colcon.colcon_core.package_discovery:discover_packages(ignore) using defaults
[0.533s] Level 1:colcon.colcon_core.package_discovery:discover_packages(path) discover
[0.533s] Level 1:colcon.colcon_core.package_discovery:discover_packages(path) using defaults
[0.585s] Level 1:colcon.colcon_core.package_discovery:discover_packages(prefix_path) check parameters
[0.585s] Level 1:colcon.colcon_core.package_discovery:discover_packages(prefix_path) discover
[0.588s] DEBUG:colcon.colcon_installed_package_information.package_discovery:Found 1 installed packages in /home/administrator/ros2_workspaces/rplidar_ws/install
[0.589s] DEBUG:colcon.colcon_installed_package_information.package_discovery:Found 1 installed packages in /home/administrator/ros2_workspaces/nav_ws/install
[0.592s] DEBUG:colcon.colcon_installed_package_information.package_discovery:Found 415 installed packages in /opt/ros/humble
[0.596s] Level 1:colcon.colcon_core.package_discovery:discover_packages(prefix_path) using defaults
[0.685s] Level 5:colcon.colcon_core.verb:set package 'rplidar_ros' build argument 'cmake_args' from command line to 'None'
[0.685s] Level 5:colcon.colcon_core.verb:set package 'rplidar_ros' build argument 'cmake_target' from command line to 'None'
[0.685s] Level 5:colcon.colcon_core.verb:set package 'rplidar_ros' build argument 'cmake_target_skip_unavailable' from command line to 'False'
[0.685s] Level 5:colcon.colcon_core.verb:set package 'rplidar_ros' build argument 'cmake_clean_cache' from command line to 'False'
[0.685s] Level 5:colcon.colcon_core.verb:set package 'rplidar_ros' build argument 'cmake_clean_first' from command line to 'False'
[0.685s] Level 5:colcon.colcon_core.verb:set package 'rplidar_ros' build argument 'cmake_force_configure' from command line to 'False'
[0.685s] Level 5:colcon.colcon_core.verb:set package 'rplidar_ros' build argument 'ament_cmake_args' from command line to 'None'
[0.685s] Level 5:colcon.colcon_core.verb:set package 'rplidar_ros' build argument 'catkin_cmake_args' from command line to 'None'
[0.685s] Level 5:colcon.colcon_core.verb:set package 'rplidar_ros' build argument 'catkin_skip_building_tests' from command line to 'False'
[0.685s] DEBUG:colcon.colcon_core.verb:Building package 'rplidar_ros' with the following arguments: {'ament_cmake_args': None, 'build_base': '/home/administrator/ros2_workspaces/rplidar_ws/build/rplidar_ros', 'catkin_cmake_args': None, 'catkin_skip_building_tests': False, 'cmake_args': None, 'cmake_clean_cache': False, 'cmake_clean_first': False, 'cmake_force_configure': False, 'cmake_target': None, 'cmake_target_skip_unavailable': False, 'install_base': '/home/administrator/ros2_workspaces/rplidar_ws/install/rplidar_ros', 'merge_install': False, 'path': '/home/administrator/ros2_workspaces/rplidar_ws/src/rplidar_ros', 'symlink_install': False, 'test_result_base': None}
[0.686s] INFO:colcon.colcon_core.executor:Executing jobs using 'parallel' executor
[0.687s] DEBUG:colcon.colcon_parallel_executor.executor.parallel:run_until_complete
[0.688s] INFO:colcon.colcon_ros.task.ament_cmake.build:Building ROS package in '/home/administrator/ros2_workspaces/rplidar_ws/src/rplidar_ros' with build type 'ament_cmake'
[0.688s] INFO:colcon.colcon_cmake.task.cmake.build:Building CMake package in '/home/administrator/ros2_workspaces/rplidar_ws/src/rplidar_ros'
[0.691s] INFO:colcon.colcon_core.plugin_system:Skipping extension 'colcon_core.shell.bat': Not used on non-Windows systems
[0.692s] INFO:colcon.colcon_core.shell:Skip shell extension 'powershell' for command environment: Not usable outside of PowerShell
[0.692s] DEBUG:colcon.colcon_core.shell:Skip shell extension 'dsv' for command environment
[0.709s] DEBUG:colcon.colcon_core.event_handler.log_command:Invoking command in '/home/administrator/ros2_workspaces/rplidar_ws/build/rplidar_ros': CMAKE_PREFIX_PATH=${CMAKE_PREFIX_PATH}:/opt/ros/humble /usr/bin/cmake --build /home/administrator/ros2_workspaces/rplidar_ws/build/rplidar_ros -- -j4 -l4
[11.769s] DEBUG:colcon.colcon_core.event_handler.log_command:Invoked command in '/home/administrator/ros2_workspaces/rplidar_ws/build/rplidar_ros' returned '0': CMAKE_PREFIX_PATH=${CMAKE_PREFIX_PATH}:/opt/ros/humble /usr/bin/cmake --build /home/administrator/ros2_workspaces/rplidar_ws/build/rplidar_ros -- -j4 -l4
[11.783s] DEBUG:colcon.colcon_core.event_handler.log_command:Invoking command in '/home/administrator/ros2_workspaces/rplidar_ws/build/rplidar_ros': CMAKE_PREFIX_PATH=${CMAKE_PREFIX_PATH}:/opt/ros/humble /usr/bin/cmake --install /home/administrator/ros2_workspaces/rplidar_ws/build/rplidar_ros
[11.817s] Level 1:colcon.colcon_core.environment:create_environment_scripts_only(rplidar_ros)
[11.818s] DEBUG:colcon.colcon_core.event_handler.log_command:Invoked command in '/home/administrator/ros2_workspaces/rplidar_ws/build/rplidar_ros' returned '0': CMAKE_PREFIX_PATH=${CMAKE_PREFIX_PATH}:/opt/ros/humble /usr/bin/cmake --install /home/administrator/ros2_workspaces/rplidar_ws/build/rplidar_ros
[11.823s] Level 1:colcon.colcon_core.environment:checking '/home/administrator/ros2_workspaces/rplidar_ws/install/rplidar_ros' for CMake module files
[11.824s] Level 1:colcon.colcon_core.environment:checking '/home/administrator/ros2_workspaces/rplidar_ws/install/rplidar_ros' for CMake config files
[11.824s] Level 1:colcon.colcon_core.shell:create_environment_hook('rplidar_ros', 'cmake_prefix_path')
[11.825s] INFO:colcon.colcon_core.shell:Creating environment hook '/home/administrator/ros2_workspaces/rplidar_ws/install/rplidar_ros/share/rplidar_ros/hook/cmake_prefix_path.ps1'
[11.826s] INFO:colcon.colcon_core.shell:Creating environment descriptor '/home/administrator/ros2_workspaces/rplidar_ws/install/rplidar_ros/share/rplidar_ros/hook/cmake_prefix_path.dsv'
[11.827s] INFO:colcon.colcon_core.shell:Creating environment hook '/home/administrator/ros2_workspaces/rplidar_ws/install/rplidar_ros/share/rplidar_ros/hook/cmake_prefix_path.sh'
[11.828s] Level 1:colcon.colcon_core.environment:checking '/home/administrator/ros2_workspaces/rplidar_ws/install/rplidar_ros/lib'
[11.828s] Level 1:colcon.colcon_core.environment:checking '/home/administrator/ros2_workspaces/rplidar_ws/install/rplidar_ros/bin'
[11.828s] Level 1:colcon.colcon_core.environment:checking '/home/administrator/ros2_workspaces/rplidar_ws/install/rplidar_ros/lib/pkgconfig/rplidar_ros.pc'
[11.829s] Level 1:colcon.colcon_core.environment:checking '/home/administrator/ros2_workspaces/rplidar_ws/install/rplidar_ros/lib/python3.10/site-packages'
[11.829s] Level 1:colcon.colcon_core.environment:checking '/home/administrator/ros2_workspaces/rplidar_ws/install/rplidar_ros/bin'
[11.830s] INFO:colcon.colcon_core.shell:Creating package script '/home/administrator/ros2_workspaces/rplidar_ws/install/rplidar_ros/share/rplidar_ros/package.ps1'
[11.832s] INFO:colcon.colcon_core.shell:Creating package descriptor '/home/administrator/ros2_workspaces/rplidar_ws/install/rplidar_ros/share/rplidar_ros/package.dsv'
[11.833s] INFO:colcon.colcon_core.shell:Creating package script '/home/administrator/ros2_workspaces/rplidar_ws/install/rplidar_ros/share/rplidar_ros/package.sh'
[11.834s] INFO:colcon.colcon_core.shell:Creating package script '/home/administrator/ros2_workspaces/rplidar_ws/install/rplidar_ros/share/rplidar_ros/package.bash'
[11.836s] INFO:colcon.colcon_core.shell:Creating package script '/home/administrator/ros2_workspaces/rplidar_ws/install/rplidar_ros/share/rplidar_ros/package.zsh'
[11.837s] Level 1:colcon.colcon_core.environment:create_file_with_runtime_dependencies(/home/administrator/ros2_workspaces/rplidar_ws/install/rplidar_ros/share/colcon-core/packages/rplidar_ros)
[11.838s] Level 1:colcon.colcon_core.environment:create_environment_scripts_only(rplidar_ros)
[11.838s] Level 1:colcon.colcon_core.environment:checking '/home/administrator/ros2_workspaces/rplidar_ws/install/rplidar_ros' for CMake module files
[11.839s] Level 1:colcon.colcon_core.environment:checking '/home/administrator/ros2_workspaces/rplidar_ws/install/rplidar_ros' for CMake config files
[11.839s] Level 1:colcon.colcon_core.shell:create_environment_hook('rplidar_ros', 'cmake_prefix_path')
[11.840s] INFO:colcon.colcon_core.shell:Creating environment hook '/home/administrator/ros2_workspaces/rplidar_ws/install/rplidar_ros/share/rplidar_ros/hook/cmake_prefix_path.ps1'
[11.840s] INFO:colcon.colcon_core.shell:Creating environment descriptor '/home/administrator/ros2_workspaces/rplidar_ws/install/rplidar_ros/share/rplidar_ros/hook/cmake_prefix_path.dsv'
[11.841s] INFO:colcon.colcon_core.shell:Creating environment hook '/home/administrator/ros2_workspaces/rplidar_ws/install/rplidar_ros/share/rplidar_ros/hook/cmake_prefix_path.sh'
[11.843s] Level 1:colcon.colcon_core.environment:checking '/home/administrator/ros2_workspaces/rplidar_ws/install/rplidar_ros/lib'
[11.843s] Level 1:colcon.colcon_core.environment:checking '/home/administrator/ros2_workspaces/rplidar_ws/install/rplidar_ros/bin'
[11.843s] Level 1:colcon.colcon_core.environment:checking '/home/administrator/ros2_workspaces/rplidar_ws/install/rplidar_ros/lib/pkgconfig/rplidar_ros.pc'
[11.844s] Level 1:colcon.colcon_core.environment:checking '/home/administrator/ros2_workspaces/rplidar_ws/install/rplidar_ros/lib/python3.10/site-packages'
[11.845s] Level 1:colcon.colcon_core.environment:checking '/home/administrator/ros2_workspaces/rplidar_ws/install/rplidar_ros/bin'
[11.845s] INFO:colcon.colcon_core.shell:Creating package script '/home/administrator/ros2_workspaces/rplidar_ws/install/rplidar_ros/share/rplidar_ros/package.ps1'
[11.846s] INFO:colcon.colcon_core.shell:Creating package descriptor '/home/administrator/ros2_workspaces/rplidar_ws/install/rplidar_ros/share/rplidar_ros/package.dsv'
[11.847s] INFO:colcon.colcon_core.shell:Creating package script '/home/administrator/ros2_workspaces/rplidar_ws/install/rplidar_ros/share/rplidar_ros/package.sh'
[11.848s] INFO:colcon.colcon_core.shell:Creating package script '/home/administrator/ros2_workspaces/rplidar_ws/install/rplidar_ros/share/rplidar_ros/package.bash'
[11.849s] INFO:colcon.colcon_core.shell:Creating package script '/home/administrator/ros2_workspaces/rplidar_ws/install/rplidar_ros/share/rplidar_ros/package.zsh'
[11.851s] Level 1:colcon.colcon_core.environment:create_file_with_runtime_dependencies(/home/administrator/ros2_workspaces/rplidar_ws/install/rplidar_ros/share/colcon-core/packages/rplidar_ros)
[11.851s] DEBUG:colcon.colcon_parallel_executor.executor.parallel:closing loop
[11.852s] DEBUG:colcon.colcon_parallel_executor.executor.parallel:loop closed
[11.852s] DEBUG:colcon.colcon_parallel_executor.executor.parallel:run_until_complete finished with '0'
[11.854s] DEBUG:colcon.colcon_core.event_reactor:joining thread
[11.865s] INFO:colcon.colcon_core.plugin_system:Skipping extension 'colcon_notification.desktop_notification.notify_send': Could not find 'notify-send'
[11.865s] INFO:colcon.colcon_core.plugin_system:Skipping extension 'colcon_notification.desktop_notification.terminal_notifier': Not used on non-Darwin systems
[11.865s] INFO:colcon.colcon_core.plugin_system:Skipping extension 'colcon_notification.desktop_notification.win32': Not used on non-Windows systems
[11.865s] INFO:colcon.colcon_notification.desktop_notification:Sending desktop notification using 'notify2'
[11.867s] DEBUG:colcon.colcon_notification.desktop_notification.notify2:Failed to initialize notify2: org.freedesktop.DBus.Error.ServiceUnknown: The name org.freedesktop.Notifications was not provided by any .service files
[11.867s] DEBUG:colcon.colcon_core.event_reactor:joined thread
[11.868s] INFO:colcon.colcon_core.shell:Creating prefix script '/home/administrator/ros2_workspaces/rplidar_ws/install/local_setup.ps1'
[11.869s] INFO:colcon.colcon_core.shell:Creating prefix util module '/home/administrator/ros2_workspaces/rplidar_ws/install/_local_setup_util_ps1.py'
[11.872s] INFO:colcon.colcon_core.shell:Creating prefix chain script '/home/administrator/ros2_workspaces/rplidar_ws/install/setup.ps1'
[11.874s] INFO:colcon.colcon_core.shell:Creating prefix script '/home/administrator/ros2_workspaces/rplidar_ws/install/local_setup.sh'
[11.877s] INFO:colcon.colcon_core.shell:Creating prefix util module '/home/administrator/ros2_workspaces/rplidar_ws/install/_local_setup_util_sh.py'
[11.879s] INFO:colcon.colcon_core.shell:Creating prefix chain script '/home/administrator/ros2_workspaces/rplidar_ws/install/setup.sh'
[11.881s] INFO:colcon.colcon_core.shell:Creating prefix script '/home/administrator/ros2_workspaces/rplidar_ws/install/local_setup.bash'
[11.882s] INFO:colcon.colcon_core.shell:Creating prefix chain script '/home/administrator/ros2_workspaces/rplidar_ws/install/setup.bash'
[11.885s] INFO:colcon.colcon_core.shell:Creating prefix script '/home/administrator/ros2_workspaces/rplidar_ws/install/local_setup.zsh'
[11.886s] INFO:colcon.colcon_core.shell:Creating prefix chain script '/home/administrator/ros2_workspaces/rplidar_ws/install/setup.zsh'
