[0.018s] Invoking command in '/home/administrator/ros2_workspaces/nav_ws/build/nav': CMAKE_PREFIX_PATH=${CMAKE_PREFIX_PATH}:/opt/ros/humble /usr/bin/cmake --build /home/administrator/ros2_workspaces/nav_ws/build/nav -- -j4 -l4
[0.063s] [35m[1mConsolidate compiler generated dependencies of target tf_remapper[0m
[0.086s] [100%] Built target tf_remapper
[0.100s] Invoked command in '/home/administrator/ros2_workspaces/nav_ws/build/nav' returned '0': CMAKE_PREFIX_PATH=${CMAKE_PREFIX_PATH}:/opt/ros/humble /usr/bin/cmake --build /home/administrator/ros2_workspaces/nav_ws/build/nav -- -j4 -l4
[0.113s] Invoking command in '/home/administrator/ros2_workspaces/nav_ws/build/nav': CMAKE_PREFIX_PATH=${CMAKE_PREFIX_PATH}:/opt/ros/humble /usr/bin/cmake --install /home/administrator/ros2_workspaces/nav_ws/build/nav
[0.121s] -- Install configuration: ""
[0.122s] -- Execute custom install script
[0.123s] -- Symlinking: /home/administrator/ros2_workspaces/nav_ws/install/nav/share/nav/launch/transform_remap.launch.py
[0.135s] -- Up-to-date symlink: /home/administrator/ros2_workspaces/nav_ws/install/nav/share/nav/src/tf_remapper.cpp
[0.135s] -- Up-to-date symlink: /home/administrator/ros2_workspaces/nav_ws/install/nav/lib/nav/tf_remapper
[0.135s] -- Up-to-date symlink: /home/administrator/ros2_workspaces/nav_ws/install/nav/share/ament_index/resource_index/package_run_dependencies/nav
[0.136s] -- Up-to-date symlink: /home/administrator/ros2_workspaces/nav_ws/install/nav/share/ament_index/resource_index/parent_prefix_path/nav
[0.136s] -- Up-to-date symlink: /home/administrator/ros2_workspaces/nav_ws/install/nav/share/nav/environment/ament_prefix_path.sh
[0.136s] -- Up-to-date symlink: /home/administrator/ros2_workspaces/nav_ws/install/nav/share/nav/environment/ament_prefix_path.dsv
[0.136s] -- Up-to-date symlink: /home/administrator/ros2_workspaces/nav_ws/install/nav/share/nav/environment/path.sh
[0.137s] -- Up-to-date symlink: /home/administrator/ros2_workspaces/nav_ws/install/nav/share/nav/environment/path.dsv
[0.138s] -- Up-to-date symlink: /home/administrator/ros2_workspaces/nav_ws/install/nav/share/nav/local_setup.bash
[0.138s] -- Up-to-date symlink: /home/administrator/ros2_workspaces/nav_ws/install/nav/share/nav/local_setup.sh
[0.138s] -- Up-to-date symlink: /home/administrator/ros2_workspaces/nav_ws/install/nav/share/nav/local_setup.zsh
[0.138s] -- Up-to-date symlink: /home/administrator/ros2_workspaces/nav_ws/install/nav/share/nav/local_setup.dsv
[0.138s] -- Symlinking: /home/administrator/ros2_workspaces/nav_ws/install/nav/share/nav/package.dsv
[0.149s] -- Up-to-date symlink: /home/administrator/ros2_workspaces/nav_ws/install/nav/share/ament_index/resource_index/packages/nav
[0.150s] -- Up-to-date symlink: /home/administrator/ros2_workspaces/nav_ws/install/nav/share/nav/cmake/navConfig.cmake
[0.150s] -- Up-to-date symlink: /home/administrator/ros2_workspaces/nav_ws/install/nav/share/nav/cmake/navConfig-version.cmake
[0.150s] -- Up-to-date symlink: /home/administrator/ros2_workspaces/nav_ws/install/nav/share/nav/package.xml
[0.153s] Invoked command in '/home/administrator/ros2_workspaces/nav_ws/build/nav' returned '0': CMAKE_PREFIX_PATH=${CMAKE_PREFIX_PATH}:/opt/ros/humble /usr/bin/cmake --install /home/administrator/ros2_workspaces/nav_ws/build/nav
