[0.161s] DEBUG:colcon:Command line arguments: ['/usr/bin/colcon', 'build', '--symlink-install']
[0.161s] DEBUG:colcon:Parsed command line arguments: Namespace(log_base=None, log_level=None, verb_name='build', build_base='build', install_base='install', merge_install=False, symlink_install=True, test_result_base=None, continue_on_error=False, executor='parallel', parallel_workers=4, event_handlers=None, ignore_user_meta=False, metas=['./colcon.meta'], base_paths=['.'], packages_ignore=None, packages_ignore_regex=None, paths=None, packages_up_to=None, packages_up_to_regex=None, packages_above=None, packages_above_and_dependencies=None, packages_above_depth=None, packages_select_by_dep=None, packages_skip_by_dep=None, packages_skip_up_to=None, packages_select_build_failed=False, packages_skip_build_finished=False, packages_select_test_failures=False, packages_skip_test_passed=False, packages_select=None, packages_skip=None, packages_select_regex=None, packages_skip_regex=None, packages_start=None, packages_end=None, allow_overriding=[], cmake_args=None, cmake_target=None, cmake_target_skip_unavailable=False, cmake_clean_cache=False, cmake_clean_first=False, cmake_force_configure=False, ament_cmake_args=None, catkin_cmake_args=None, catkin_skip_building_tests=False, mixin_files=None, mixin=None, verb_parser=<colcon_mixin.mixin.mixin_argument.MixinArgumentDecorator object at 0x7f965064c4c0>, verb_extension=<colcon_core.verb.build.BuildVerb object at 0x7f965060beb0>, main=<bound method BuildVerb.main of <colcon_core.verb.build.BuildVerb object at 0x7f965060beb0>>, mixin_verb=('build',))
[0.422s] Level 1:colcon.colcon_core.package_discovery:discover_packages(colcon_meta) check parameters
[0.422s] Level 1:colcon.colcon_core.package_discovery:discover_packages(recursive) check parameters
[0.422s] Level 1:colcon.colcon_core.package_discovery:discover_packages(ignore) check parameters
[0.422s] Level 1:colcon.colcon_core.package_discovery:discover_packages(path) check parameters
[0.422s] Level 1:colcon.colcon_core.package_discovery:discover_packages(colcon_meta) discover
[0.422s] Level 1:colcon.colcon_core.package_discovery:discover_packages(recursive) discover
[0.422s] INFO:colcon.colcon_core.package_discovery:Crawling recursively for packages in '/home/administrator/ros2_workspaces/nav_ws'
[0.422s] Level 1:colcon.colcon_core.package_identification:_identify(.) by extensions ['ignore', 'ignore_ament_install']
[0.423s] Level 1:colcon.colcon_core.package_identification:_identify(.) by extension 'ignore'
[0.423s] Level 1:colcon.colcon_core.package_identification:_identify(.) by extension 'ignore_ament_install'
[0.423s] Level 1:colcon.colcon_core.package_identification:_identify(.) by extensions ['colcon_pkg']
[0.423s] Level 1:colcon.colcon_core.package_identification:_identify(.) by extension 'colcon_pkg'
[0.423s] Level 1:colcon.colcon_core.package_identification:_identify(.) by extensions ['colcon_meta']
[0.423s] Level 1:colcon.colcon_core.package_identification:_identify(.) by extension 'colcon_meta'
[0.423s] Level 1:colcon.colcon_core.package_identification:_identify(.) by extensions ['ros']
[0.423s] Level 1:colcon.colcon_core.package_identification:_identify(.) by extension 'ros'
[0.439s] Level 1:colcon.colcon_core.package_identification:_identify(.) by extensions ['cmake', 'python']
[0.439s] Level 1:colcon.colcon_core.package_identification:_identify(.) by extension 'cmake'
[0.439s] Level 1:colcon.colcon_core.package_identification:_identify(.) by extension 'python'
[0.440s] Level 1:colcon.colcon_core.package_identification:_identify(.) by extensions ['python_setup_py']
[0.440s] Level 1:colcon.colcon_core.package_identification:_identify(.) by extension 'python_setup_py'
[0.440s] Level 1:colcon.colcon_core.package_identification:_identify(build) by extensions ['ignore', 'ignore_ament_install']
[0.440s] Level 1:colcon.colcon_core.package_identification:_identify(build) by extension 'ignore'
[0.440s] Level 1:colcon.colcon_core.package_identification:_identify(build) ignored
[0.441s] Level 1:colcon.colcon_core.package_identification:_identify(install) by extensions ['ignore', 'ignore_ament_install']
[0.441s] Level 1:colcon.colcon_core.package_identification:_identify(install) by extension 'ignore'
[0.441s] Level 1:colcon.colcon_core.package_identification:_identify(install) ignored
[0.441s] Level 1:colcon.colcon_core.package_identification:_identify(log) by extensions ['ignore', 'ignore_ament_install']
[0.441s] Level 1:colcon.colcon_core.package_identification:_identify(log) by extension 'ignore'
[0.441s] Level 1:colcon.colcon_core.package_identification:_identify(log) ignored
[0.441s] Level 1:colcon.colcon_core.package_identification:_identify(src) by extensions ['ignore', 'ignore_ament_install']
[0.441s] Level 1:colcon.colcon_core.package_identification:_identify(src) by extension 'ignore'
[0.442s] Level 1:colcon.colcon_core.package_identification:_identify(src) by extension 'ignore_ament_install'
[0.442s] Level 1:colcon.colcon_core.package_identification:_identify(src) by extensions ['colcon_pkg']
[0.442s] Level 1:colcon.colcon_core.package_identification:_identify(src) by extension 'colcon_pkg'
[0.442s] Level 1:colcon.colcon_core.package_identification:_identify(src) by extensions ['colcon_meta']
[0.442s] Level 1:colcon.colcon_core.package_identification:_identify(src) by extension 'colcon_meta'
[0.442s] Level 1:colcon.colcon_core.package_identification:_identify(src) by extensions ['ros']
[0.442s] Level 1:colcon.colcon_core.package_identification:_identify(src) by extension 'ros'
[0.442s] Level 1:colcon.colcon_core.package_identification:_identify(src) by extensions ['cmake', 'python']
[0.442s] Level 1:colcon.colcon_core.package_identification:_identify(src) by extension 'cmake'
[0.442s] Level 1:colcon.colcon_core.package_identification:_identify(src) by extension 'python'
[0.442s] Level 1:colcon.colcon_core.package_identification:_identify(src) by extensions ['python_setup_py']
[0.442s] Level 1:colcon.colcon_core.package_identification:_identify(src) by extension 'python_setup_py'
[0.443s] Level 1:colcon.colcon_core.package_identification:_identify(src/nav) by extensions ['ignore', 'ignore_ament_install']
[0.443s] Level 1:colcon.colcon_core.package_identification:_identify(src/nav) by extension 'ignore'
[0.443s] Level 1:colcon.colcon_core.package_identification:_identify(src/nav) by extension 'ignore_ament_install'
[0.443s] Level 1:colcon.colcon_core.package_identification:_identify(src/nav) by extensions ['colcon_pkg']
[0.443s] Level 1:colcon.colcon_core.package_identification:_identify(src/nav) by extension 'colcon_pkg'
[0.443s] Level 1:colcon.colcon_core.package_identification:_identify(src/nav) by extensions ['colcon_meta']
[0.443s] Level 1:colcon.colcon_core.package_identification:_identify(src/nav) by extension 'colcon_meta'
[0.443s] Level 1:colcon.colcon_core.package_identification:_identify(src/nav) by extensions ['ros']
[0.443s] Level 1:colcon.colcon_core.package_identification:_identify(src/nav) by extension 'ros'
[0.447s] DEBUG:colcon.colcon_core.package_identification:Package 'src/nav' with type 'ros.ament_cmake' and name 'nav'
[0.447s] Level 1:colcon.colcon_core.package_discovery:discover_packages(recursive) using defaults
[0.447s] Level 1:colcon.colcon_core.package_discovery:discover_packages(ignore) discover
[0.448s] Level 1:colcon.colcon_core.package_discovery:discover_packages(ignore) using defaults
[0.448s] Level 1:colcon.colcon_core.package_discovery:discover_packages(path) discover
[0.448s] Level 1:colcon.colcon_core.package_discovery:discover_packages(path) using defaults
[0.496s] Level 1:colcon.colcon_core.package_discovery:discover_packages(prefix_path) check parameters
[0.496s] Level 1:colcon.colcon_core.package_discovery:discover_packages(prefix_path) discover
[0.501s] DEBUG:colcon.colcon_installed_package_information.package_discovery:Found 415 installed packages in /opt/ros/humble
[0.505s] Level 1:colcon.colcon_core.package_discovery:discover_packages(prefix_path) using defaults
[0.585s] Level 5:colcon.colcon_core.verb:set package 'nav' build argument 'cmake_args' from command line to 'None'
[0.585s] Level 5:colcon.colcon_core.verb:set package 'nav' build argument 'cmake_target' from command line to 'None'
[0.585s] Level 5:colcon.colcon_core.verb:set package 'nav' build argument 'cmake_target_skip_unavailable' from command line to 'False'
[0.585s] Level 5:colcon.colcon_core.verb:set package 'nav' build argument 'cmake_clean_cache' from command line to 'False'
[0.585s] Level 5:colcon.colcon_core.verb:set package 'nav' build argument 'cmake_clean_first' from command line to 'False'
[0.585s] Level 5:colcon.colcon_core.verb:set package 'nav' build argument 'cmake_force_configure' from command line to 'False'
[0.585s] Level 5:colcon.colcon_core.verb:set package 'nav' build argument 'ament_cmake_args' from command line to 'None'
[0.585s] Level 5:colcon.colcon_core.verb:set package 'nav' build argument 'catkin_cmake_args' from command line to 'None'
[0.585s] Level 5:colcon.colcon_core.verb:set package 'nav' build argument 'catkin_skip_building_tests' from command line to 'False'
[0.585s] DEBUG:colcon.colcon_core.verb:Building package 'nav' with the following arguments: {'ament_cmake_args': None, 'build_base': '/home/administrator/ros2_workspaces/nav_ws/build/nav', 'catkin_cmake_args': None, 'catkin_skip_building_tests': False, 'cmake_args': None, 'cmake_clean_cache': False, 'cmake_clean_first': False, 'cmake_force_configure': False, 'cmake_target': None, 'cmake_target_skip_unavailable': False, 'install_base': '/home/administrator/ros2_workspaces/nav_ws/install/nav', 'merge_install': False, 'path': '/home/administrator/ros2_workspaces/nav_ws/src/nav', 'symlink_install': True, 'test_result_base': None}
[0.586s] INFO:colcon.colcon_core.executor:Executing jobs using 'parallel' executor
[0.587s] DEBUG:colcon.colcon_parallel_executor.executor.parallel:run_until_complete
[0.588s] INFO:colcon.colcon_ros.task.ament_cmake.build:Building ROS package in '/home/administrator/ros2_workspaces/nav_ws/src/nav' with build type 'ament_cmake'
[0.588s] INFO:colcon.colcon_cmake.task.cmake.build:Building CMake package in '/home/administrator/ros2_workspaces/nav_ws/src/nav'
[0.591s] INFO:colcon.colcon_core.plugin_system:Skipping extension 'colcon_core.shell.bat': Not used on non-Windows systems
[0.591s] INFO:colcon.colcon_core.shell:Skip shell extension 'powershell' for command environment: Not usable outside of PowerShell
[0.591s] DEBUG:colcon.colcon_core.shell:Skip shell extension 'dsv' for command environment
[0.603s] DEBUG:colcon.colcon_core.event_handler.log_command:Invoking command in '/home/administrator/ros2_workspaces/nav_ws/build/nav': CMAKE_PREFIX_PATH=/opt/ros/humble /usr/bin/cmake /home/administrator/ros2_workspaces/nav_ws/src/nav -DAMENT_CMAKE_SYMLINK_INSTALL=1 -DCMAKE_INSTALL_PREFIX=/home/administrator/ros2_workspaces/nav_ws/install/nav
[1.381s] DEBUG:colcon.colcon_core.event_handler.log_command:Invoked command in '/home/administrator/ros2_workspaces/nav_ws/build/nav' returned '0': CMAKE_PREFIX_PATH=/opt/ros/humble /usr/bin/cmake /home/administrator/ros2_workspaces/nav_ws/src/nav -DAMENT_CMAKE_SYMLINK_INSTALL=1 -DCMAKE_INSTALL_PREFIX=/home/administrator/ros2_workspaces/nav_ws/install/nav
[1.384s] DEBUG:colcon.colcon_core.event_handler.log_command:Invoking command in '/home/administrator/ros2_workspaces/nav_ws/build/nav': CMAKE_PREFIX_PATH=/opt/ros/humble /usr/bin/cmake --build /home/administrator/ros2_workspaces/nav_ws/build/nav -- -j4 -l4
[14.848s] DEBUG:colcon.colcon_core.event_handler.log_command:Invoked command in '/home/administrator/ros2_workspaces/nav_ws/build/nav' returned '0': CMAKE_PREFIX_PATH=/opt/ros/humble /usr/bin/cmake --build /home/administrator/ros2_workspaces/nav_ws/build/nav -- -j4 -l4
[14.861s] DEBUG:colcon.colcon_core.event_handler.log_command:Invoking command in '/home/administrator/ros2_workspaces/nav_ws/build/nav': CMAKE_PREFIX_PATH=/opt/ros/humble /usr/bin/cmake --install /home/administrator/ros2_workspaces/nav_ws/build/nav
[15.041s] Level 1:colcon.colcon_core.environment:create_environment_scripts_only(nav)
[15.042s] DEBUG:colcon.colcon_core.event_handler.log_command:Invoked command in '/home/administrator/ros2_workspaces/nav_ws/build/nav' returned '0': CMAKE_PREFIX_PATH=/opt/ros/humble /usr/bin/cmake --install /home/administrator/ros2_workspaces/nav_ws/build/nav
[15.045s] Level 1:colcon.colcon_core.environment:checking '/home/administrator/ros2_workspaces/nav_ws/install/nav' for CMake module files
[15.046s] Level 1:colcon.colcon_core.environment:checking '/home/administrator/ros2_workspaces/nav_ws/install/nav' for CMake config files
[15.047s] Level 1:colcon.colcon_core.shell:create_environment_hook('nav', 'cmake_prefix_path')
[15.047s] INFO:colcon.colcon_core.shell:Creating environment hook '/home/administrator/ros2_workspaces/nav_ws/install/nav/share/nav/hook/cmake_prefix_path.ps1'
[15.056s] INFO:colcon.colcon_core.shell:Creating environment descriptor '/home/administrator/ros2_workspaces/nav_ws/install/nav/share/nav/hook/cmake_prefix_path.dsv'
[15.057s] INFO:colcon.colcon_core.shell:Creating environment hook '/home/administrator/ros2_workspaces/nav_ws/install/nav/share/nav/hook/cmake_prefix_path.sh'
[15.058s] Level 1:colcon.colcon_core.environment:checking '/home/administrator/ros2_workspaces/nav_ws/install/nav/lib'
[15.058s] Level 1:colcon.colcon_core.environment:checking '/home/administrator/ros2_workspaces/nav_ws/install/nav/bin'
[15.059s] Level 1:colcon.colcon_core.environment:checking '/home/administrator/ros2_workspaces/nav_ws/install/nav/lib/pkgconfig/nav.pc'
[15.059s] Level 1:colcon.colcon_core.environment:checking '/home/administrator/ros2_workspaces/nav_ws/install/nav/lib/python3.10/site-packages'
[15.060s] Level 1:colcon.colcon_core.environment:checking '/home/administrator/ros2_workspaces/nav_ws/install/nav/bin'
[15.061s] INFO:colcon.colcon_core.shell:Creating package script '/home/administrator/ros2_workspaces/nav_ws/install/nav/share/nav/package.ps1'
[15.062s] INFO:colcon.colcon_core.shell:Creating package descriptor '/home/administrator/ros2_workspaces/nav_ws/install/nav/share/nav/package.dsv'
[15.063s] INFO:colcon.colcon_core.shell:Creating package script '/home/administrator/ros2_workspaces/nav_ws/install/nav/share/nav/package.sh'
[15.064s] INFO:colcon.colcon_core.shell:Creating package script '/home/administrator/ros2_workspaces/nav_ws/install/nav/share/nav/package.bash'
[15.066s] INFO:colcon.colcon_core.shell:Creating package script '/home/administrator/ros2_workspaces/nav_ws/install/nav/share/nav/package.zsh'
[15.067s] Level 1:colcon.colcon_core.environment:create_file_with_runtime_dependencies(/home/administrator/ros2_workspaces/nav_ws/install/nav/share/colcon-core/packages/nav)
[15.068s] Level 1:colcon.colcon_core.environment:create_environment_scripts_only(nav)
[15.068s] Level 1:colcon.colcon_core.environment:checking '/home/administrator/ros2_workspaces/nav_ws/install/nav' for CMake module files
[15.069s] Level 1:colcon.colcon_core.environment:checking '/home/administrator/ros2_workspaces/nav_ws/install/nav' for CMake config files
[15.069s] Level 1:colcon.colcon_core.shell:create_environment_hook('nav', 'cmake_prefix_path')
[15.070s] INFO:colcon.colcon_core.shell:Creating environment hook '/home/administrator/ros2_workspaces/nav_ws/install/nav/share/nav/hook/cmake_prefix_path.ps1'
[15.071s] INFO:colcon.colcon_core.shell:Creating environment descriptor '/home/administrator/ros2_workspaces/nav_ws/install/nav/share/nav/hook/cmake_prefix_path.dsv'
[15.071s] INFO:colcon.colcon_core.shell:Creating environment hook '/home/administrator/ros2_workspaces/nav_ws/install/nav/share/nav/hook/cmake_prefix_path.sh'
[15.072s] Level 1:colcon.colcon_core.environment:checking '/home/administrator/ros2_workspaces/nav_ws/install/nav/lib'
[15.072s] Level 1:colcon.colcon_core.environment:checking '/home/administrator/ros2_workspaces/nav_ws/install/nav/bin'
[15.072s] Level 1:colcon.colcon_core.environment:checking '/home/administrator/ros2_workspaces/nav_ws/install/nav/lib/pkgconfig/nav.pc'
[15.073s] Level 1:colcon.colcon_core.environment:checking '/home/administrator/ros2_workspaces/nav_ws/install/nav/lib/python3.10/site-packages'
[15.073s] Level 1:colcon.colcon_core.environment:checking '/home/administrator/ros2_workspaces/nav_ws/install/nav/bin'
[15.074s] INFO:colcon.colcon_core.shell:Creating package script '/home/administrator/ros2_workspaces/nav_ws/install/nav/share/nav/package.ps1'
[15.075s] INFO:colcon.colcon_core.shell:Creating package descriptor '/home/administrator/ros2_workspaces/nav_ws/install/nav/share/nav/package.dsv'
[15.075s] INFO:colcon.colcon_core.shell:Creating package script '/home/administrator/ros2_workspaces/nav_ws/install/nav/share/nav/package.sh'
[15.076s] INFO:colcon.colcon_core.shell:Creating package script '/home/administrator/ros2_workspaces/nav_ws/install/nav/share/nav/package.bash'
[15.077s] INFO:colcon.colcon_core.shell:Creating package script '/home/administrator/ros2_workspaces/nav_ws/install/nav/share/nav/package.zsh'
[15.077s] Level 1:colcon.colcon_core.environment:create_file_with_runtime_dependencies(/home/administrator/ros2_workspaces/nav_ws/install/nav/share/colcon-core/packages/nav)
[15.078s] DEBUG:colcon.colcon_parallel_executor.executor.parallel:closing loop
[15.079s] DEBUG:colcon.colcon_parallel_executor.executor.parallel:loop closed
[15.079s] DEBUG:colcon.colcon_parallel_executor.executor.parallel:run_until_complete finished with '0'
[15.079s] DEBUG:colcon.colcon_core.event_reactor:joining thread
[15.086s] INFO:colcon.colcon_core.plugin_system:Skipping extension 'colcon_notification.desktop_notification.notify_send': Could not find 'notify-send'
[15.087s] INFO:colcon.colcon_core.plugin_system:Skipping extension 'colcon_notification.desktop_notification.terminal_notifier': Not used on non-Darwin systems
[15.087s] INFO:colcon.colcon_core.plugin_system:Skipping extension 'colcon_notification.desktop_notification.win32': Not used on non-Windows systems
[15.087s] INFO:colcon.colcon_notification.desktop_notification:Sending desktop notification using 'notify2'
[15.088s] DEBUG:colcon.colcon_notification.desktop_notification.notify2:Failed to initialize notify2: org.freedesktop.DBus.Error.ServiceUnknown: The name org.freedesktop.Notifications was not provided by any .service files
[15.088s] DEBUG:colcon.colcon_core.event_reactor:joined thread
[15.088s] INFO:colcon.colcon_core.shell:Creating prefix script '/home/administrator/ros2_workspaces/nav_ws/install/local_setup.ps1'
[15.090s] INFO:colcon.colcon_core.shell:Creating prefix util module '/home/administrator/ros2_workspaces/nav_ws/install/_local_setup_util_ps1.py'
[15.092s] INFO:colcon.colcon_core.shell:Creating prefix chain script '/home/administrator/ros2_workspaces/nav_ws/install/setup.ps1'
[15.094s] INFO:colcon.colcon_core.shell:Creating prefix script '/home/administrator/ros2_workspaces/nav_ws/install/local_setup.sh'
[15.095s] INFO:colcon.colcon_core.shell:Creating prefix util module '/home/administrator/ros2_workspaces/nav_ws/install/_local_setup_util_sh.py'
[15.095s] INFO:colcon.colcon_core.shell:Creating prefix chain script '/home/administrator/ros2_workspaces/nav_ws/install/setup.sh'
[15.097s] INFO:colcon.colcon_core.shell:Creating prefix script '/home/administrator/ros2_workspaces/nav_ws/install/local_setup.bash'
[15.097s] INFO:colcon.colcon_core.shell:Creating prefix chain script '/home/administrator/ros2_workspaces/nav_ws/install/setup.bash'
[15.099s] INFO:colcon.colcon_core.shell:Creating prefix script '/home/administrator/ros2_workspaces/nav_ws/install/local_setup.zsh'
[15.100s] INFO:colcon.colcon_core.shell:Creating prefix chain script '/home/administrator/ros2_workspaces/nav_ws/install/setup.zsh'
