[0.022s] Invoking command in '/home/administrator/ros2_workspaces/nav_ws/build/nav': CMAKE_PREFIX_PATH=${CMAKE_PREFIX_PATH}:/opt/ros/humble /usr/bin/cmake --build /home/administrator/ros2_workspaces/nav_ws/build/nav -- -j4 -l4
[0.109s] [100%] Built target tf_remapper
[0.126s] Invoked command in '/home/administrator/ros2_workspaces/nav_ws/build/nav' returned '0': CMAKE_PREFIX_PATH=${CMAKE_PREFIX_PATH}:/opt/ros/humble /usr/bin/cmake --build /home/administrator/ros2_workspaces/nav_ws/build/nav -- -j4 -l4
[0.142s] Invoking command in '/home/administrator/ros2_workspaces/nav_ws/build/nav': CMAKE_PREFIX_PATH=${CMAKE_PREFIX_PATH}:/opt/ros/humble /usr/bin/cmake --install /home/administrator/ros2_workspaces/nav_ws/build/nav
[0.151s] -- Install configuration: ""
[0.152s] -- Execute custom install script
[0.153s] -- Up-to-date symlink: /home/administrator/ros2_workspaces/nav_ws/install/nav/share/nav/config/mapper_params_online_async.yaml
[0.153s] -- Up-to-date symlink: /home/administrator/ros2_workspaces/nav_ws/install/nav/share/nav/config/nav2_params.yaml
[0.154s] -- Up-to-date symlink: /home/administrator/ros2_workspaces/nav_ws/install/nav/share/nav/launch/bringup_launch.py
[0.154s] -- Up-to-date symlink: /home/administrator/ros2_workspaces/nav_ws/install/nav/share/nav/launch/online_async_launch.py
[0.154s] -- Up-to-date symlink: /home/administrator/ros2_workspaces/nav_ws/install/nav/share/nav/launch/slam_launch.py
[0.154s] -- Up-to-date symlink: /home/administrator/ros2_workspaces/nav_ws/install/nav/share/nav/launch/transform_remap.launch.py
[0.155s] -- Up-to-date symlink: /home/administrator/ros2_workspaces/nav_ws/install/nav/share/nav/src/tf_remapper.cpp
[0.155s] -- Up-to-date symlink: /home/administrator/ros2_workspaces/nav_ws/install/nav/lib/nav/tf_remapper
[0.156s] -- Up-to-date symlink: /home/administrator/ros2_workspaces/nav_ws/install/nav/share/ament_index/resource_index/package_run_dependencies/nav
[0.156s] -- Up-to-date symlink: /home/administrator/ros2_workspaces/nav_ws/install/nav/share/ament_index/resource_index/parent_prefix_path/nav
[0.158s] -- Up-to-date symlink: /home/administrator/ros2_workspaces/nav_ws/install/nav/share/nav/environment/ament_prefix_path.sh
[0.158s] -- Up-to-date symlink: /home/administrator/ros2_workspaces/nav_ws/install/nav/share/nav/environment/ament_prefix_path.dsv
[0.158s] -- Up-to-date symlink: /home/administrator/ros2_workspaces/nav_ws/install/nav/share/nav/environment/path.sh
[0.160s] -- Up-to-date symlink: /home/administrator/ros2_workspaces/nav_ws/install/nav/share/nav/environment/path.dsv
[0.160s] -- Up-to-date symlink: /home/administrator/ros2_workspaces/nav_ws/install/nav/share/nav/local_setup.bash
[0.160s] -- Up-to-date symlink: /home/administrator/ros2_workspaces/nav_ws/install/nav/share/nav/local_setup.sh
[0.160s] -- Up-to-date symlink: /home/administrator/ros2_workspaces/nav_ws/install/nav/share/nav/local_setup.zsh
[0.160s] -- Up-to-date symlink: /home/administrator/ros2_workspaces/nav_ws/install/nav/share/nav/local_setup.dsv
[0.161s] -- Symlinking: /home/administrator/ros2_workspaces/nav_ws/install/nav/share/nav/package.dsv
[0.173s] -- Up-to-date symlink: /home/administrator/ros2_workspaces/nav_ws/install/nav/share/ament_index/resource_index/packages/nav
[0.173s] -- Up-to-date symlink: /home/administrator/ros2_workspaces/nav_ws/install/nav/share/nav/cmake/navConfig.cmake
[0.174s] -- Up-to-date symlink: /home/administrator/ros2_workspaces/nav_ws/install/nav/share/nav/cmake/navConfig-version.cmake
[0.174s] -- Up-to-date symlink: /home/administrator/ros2_workspaces/nav_ws/install/nav/share/nav/package.xml
[0.177s] Invoked command in '/home/administrator/ros2_workspaces/nav_ws/build/nav' returned '0': CMAKE_PREFIX_PATH=${CMAKE_PREFIX_PATH}:/opt/ros/humble /usr/bin/cmake --install /home/administrator/ros2_workspaces/nav_ws/build/nav
